CRITICAL - 2022-04-19 00:08:41 --> Class "App\Controllers\MesaModel" not found
#0 /app/myapp/system/CodeIgniter.php(832): App\Controllers\MesaRestauranteController->lista()
#1 /app/myapp/system/CodeIgniter.php(419): CodeIgniter\CodeIgniter->runController()
#2 /app/myapp/system/CodeIgniter.php(326): CodeIgniter\CodeIgniter->handleRequest()
#3 /app/myapp/public/index.php(37): CodeIgniter\CodeIgniter->run()
#4 {main}
CRITICAL - 2022-04-19 00:12:20 --> syntax error, unexpected token "protected", expecting "," or ";"
#0 /app/myapp/system/Autoloader/Autoloader.php(241): CodeIgniter\Autoloader\Autoloader->includeFile()
#1 /app/myapp/system/Autoloader/Autoloader.php(219): CodeIgniter\Autoloader\Autoloader->loadInNamespace()
#2 /app/myapp/app/Controllers/MesaRestauranteController.php(13): CodeIgniter\Autoloader\Autoloader->loadClass()
#3 /app/myapp/system/CodeIgniter.php(832): App\Controllers\MesaRestauranteController->lista()
#4 /app/myapp/system/CodeIgniter.php(419): CodeIgniter\CodeIgniter->runController()
#5 /app/myapp/system/CodeIgniter.php(326): CodeIgniter\CodeIgniter->handleRequest()
#6 /app/myapp/public/index.php(37): CodeIgniter\CodeIgniter->run()
#7 {main}
CRITICAL - 2022-04-19 00:13:25 --> syntax error, unexpected identifier "mesa", expecting "]"
#0 /app/myapp/system/Autoloader/Autoloader.php(241): CodeIgniter\Autoloader\Autoloader->includeFile()
#1 /app/myapp/system/Autoloader/Autoloader.php(219): CodeIgniter\Autoloader\Autoloader->loadInNamespace()
#2 /app/myapp/app/Controllers/MesaRestauranteController.php(13): CodeIgniter\Autoloader\Autoloader->loadClass()
#3 /app/myapp/system/CodeIgniter.php(832): App\Controllers\MesaRestauranteController->lista()
#4 /app/myapp/system/CodeIgniter.php(419): CodeIgniter\CodeIgniter->runController()
#5 /app/myapp/system/CodeIgniter.php(326): CodeIgniter\CodeIgniter->handleRequest()
#6 /app/myapp/public/index.php(37): CodeIgniter\CodeIgniter->run()
#7 {main}
